2024-01-02 16:02:09,091:INFO:Fetching data for city: Daugavpils
2024-01-02 16:02:09,432:INFO:Data successfully fetched for Daugavpils
2024-01-02 16:02:11,351:INFO:Fetching data for city: Daugavpils
2024-01-02 16:02:11,431:INFO:Data successfully fetched for Daugavpils
2024-01-02 16:02:13,343:INFO:Fetching data for city: Daugavpils
2024-01-02 16:02:13,398:INFO:Data successfully fetched for Daugavpils
2024-01-02 16:03:41,304:INFO:Fetching data for city: Riga
2024-01-02 16:03:41,311:INFO:Data successfully fetched for Riga
2024-01-02 16:03:42,887:INFO:Fetching data for city: Riga
2024-01-02 16:03:42,889:INFO:Data successfully fetched for Riga
2024-01-02 16:03:45,900:INFO:Fetching data for city: Riga
2024-01-02 16:03:45,902:INFO:Data successfully fetched for Riga
2024-01-02 16:03:47,134:INFO:Fetching data for city: Riga
2024-01-02 16:03:47,136:INFO:Data successfully fetched for Riga
2024-01-02 16:03:49,239:INFO:Fetching data for city: Riga
2024-01-02 16:03:49,581:INFO:Data successfully fetched for Riga
2024-01-02 16:03:51,041:INFO:Fetching data for city: Riga
2024-01-02 16:03:51,043:INFO:Data successfully fetched for Riga
2024-01-02 16:03:53,620:INFO:Fetching data for city: Riga
2024-01-02 16:03:53,622:INFO:Data successfully fetched for Riga
2024-01-02 16:03:55,219:INFO:Fetching data for city: Riga
2024-01-02 16:03:55,221:INFO:Data successfully fetched for Riga
2024-01-02 16:08:06,675:INFO:Fetching data for city: Riga
2024-01-02 16:08:06,682:INFO:Data successfully fetched for Riga
2024-01-02 16:08:09,521:INFO:Fetching data for city: Riga
2024-01-02 16:08:09,523:INFO:Data successfully fetched for Riga
2024-01-02 16:08:20,895:INFO:Fetching data for city: Riga
2024-01-02 16:08:21,211:INFO:Data successfully fetched for Riga
2024-01-02 16:11:14,628:INFO:Fetching data for city: Riga
2024-01-02 16:11:14,630:INFO:Data successfully fetched for Riga
2024-01-02 16:15:21,181:INFO:Fetching data for city: Riga
2024-01-02 16:15:21,188:INFO:Data successfully fetched for Riga
2024-01-02 16:15:21,188:ERROR:Error fetching data for Riga: name 'start_date' is not defined
2024-01-02 16:16:59,943:INFO:Fetching data for city: Riga
2024-01-02 16:16:59,950:INFO:Data successfully fetched for Riga
2024-01-02 16:17:01,088:INFO:Fetching data for city: Riga
2024-01-02 16:17:01,091:INFO:Data successfully fetched for Riga
2024-01-02 16:17:03,807:INFO:Fetching data for city: Riga
2024-01-02 16:17:03,810:INFO:Data successfully fetched for Riga
2024-01-02 16:17:03,858:ERROR:Error fetching data for Riga: datetime64 type does not support sum operations
2024-01-02 16:17:07,609:INFO:Fetching data for city: Riga
2024-01-02 16:17:07,611:INFO:Data successfully fetched for Riga
2024-01-02 16:17:07,656:ERROR:Error fetching data for Riga: datetime64 type does not support sum operations
2024-01-02 16:19:19,369:INFO:Fetching data for city: Riga
2024-01-02 16:19:19,375:INFO:Data successfully fetched for Riga
2024-01-02 16:19:19,443:ERROR:Error fetching data for Riga: name 'plot_title' is not defined
2024-01-02 16:19:22,645:INFO:Application closed
2024-01-02 16:20:58,356:INFO:Fetching data for city: Riga
2024-01-02 16:20:58,363:INFO:Data successfully fetched for Riga
2024-01-02 16:20:59,674:INFO:Fetching data for city: Riga
2024-01-02 16:20:59,676:INFO:Data successfully fetched for Riga
2024-01-02 16:21:02,707:INFO:Fetching data for city: Riga
2024-01-02 16:21:02,710:INFO:Data successfully fetched for Riga
2024-01-02 16:21:04,250:INFO:Fetching data for city: Riga
2024-01-02 16:21:04,252:INFO:Data successfully fetched for Riga
2024-01-02 16:21:04,301:ERROR:Error fetching data for Riga: datetime64 type does not support sum operations
2024-01-02 16:21:08,206:INFO:Fetching data for city: Riga
2024-01-02 16:21:08,208:INFO:Data successfully fetched for Riga
2024-01-02 16:21:08,265:ERROR:Error fetching data for Riga: datetime64 type does not support sum operations
2024-01-02 16:21:28,000:INFO:Fetching data for city: Daugavpils
2024-01-02 16:21:28,366:INFO:Data successfully fetched for Daugavpils
2024-01-02 16:21:28,448:ERROR:Error fetching data for Daugavpils: name 'plot_title' is not defined
2024-01-02 16:21:31,430:INFO:Fetching data for city: Daugavpils
2024-01-02 16:21:31,489:INFO:Data successfully fetched for Daugavpils
2024-01-02 16:21:31,590:ERROR:Error fetching data for Daugavpils: name 'plot_title' is not defined
2024-01-02 16:22:37,108:INFO:Fetching data for city: Daugavpils
2024-01-02 16:22:37,463:INFO:Data successfully fetched for Daugavpils
2024-01-02 16:22:37,539:ERROR:Error fetching data for Daugavpils: name 'plot_title' is not defined
2024-01-02 16:24:35,758:INFO:Fetching data for city: Riga
2024-01-02 16:24:35,765:INFO:Data successfully fetched for Riga
2024-01-02 16:24:36,587:INFO:Fetching data for city: Riga
2024-01-02 16:24:36,589:INFO:Data successfully fetched for Riga
2024-01-02 16:24:53,017:INFO:Fetching data for city: Riga
2024-01-02 16:24:53,020:INFO:Data successfully fetched for Riga
2024-01-02 16:24:59,469:INFO:Fetching data for city: Riga
2024-01-02 16:24:59,471:INFO:Data successfully fetched for Riga
2024-01-02 16:25:02,954:INFO:Fetching data for city: Riga
2024-01-02 16:25:02,956:INFO:Data successfully fetched for Riga
2024-01-02 16:25:24,822:INFO:Fetching data for city: Riga
2024-01-02 16:25:25,158:INFO:Data successfully fetched for Riga
2024-01-02 16:25:42,893:INFO:Fetching data for city: Riga
2024-01-02 16:25:43,059:INFO:Data successfully fetched for Riga
2024-01-02 16:26:09,372:INFO:Fetching data for city: Riga
2024-01-02 16:26:09,519:INFO:Data successfully fetched for Riga
2024-01-02 16:26:20,675:INFO:Fetching data for city: Riga
2024-01-02 16:26:20,809:INFO:Data successfully fetched for Riga
2024-01-02 16:27:37,094:INFO:Fetching data for city: Riga
2024-01-02 16:27:37,586:INFO:Data successfully fetched for Riga
2024-01-02 16:28:57,524:INFO:Fetching data for city: Riga
2024-01-02 16:28:57,530:INFO:Data successfully fetched for Riga
2024-01-02 16:28:57,603:ERROR:Error fetching data for Riga: cannot access local variable 'max_precip_period_str' where it is not associated with a value
2024-01-02 16:29:32,575:INFO:Fetching data for city: Riga
2024-01-02 16:29:32,581:INFO:Data successfully fetched for Riga
2024-01-02 16:29:33,392:INFO:Fetching data for city: Riga
2024-01-02 16:29:33,394:INFO:Data successfully fetched for Riga
2024-01-02 16:29:36,214:INFO:Fetching data for city: Riga
2024-01-02 16:29:36,216:INFO:Data successfully fetched for Riga
2024-01-02 16:29:36,283:ERROR:Error fetching data for Riga: cannot access local variable 'max_precip_period_str' where it is not associated with a value
2024-01-02 16:31:08,568:INFO:Fetching data for city: Daugavpils
2024-01-02 16:31:08,574:INFO:Data successfully fetched for Daugavpils
2024-01-02 16:31:13,918:INFO:Fetching data for city: Daugavpils
2024-01-02 16:31:13,921:INFO:Data successfully fetched for Daugavpils
2024-01-02 16:31:17,833:INFO:Fetching data for city: Daugavpils
2024-01-02 16:31:18,153:INFO:Data successfully fetched for Daugavpils
2024-01-02 16:31:22,558:INFO:Fetching data for city: Daugavpils
2024-01-02 16:31:22,632:INFO:Data successfully fetched for Daugavpils
2024-01-02 16:31:25,418:INFO:Fetching data for city: Daugavpils
2024-01-02 16:31:25,474:INFO:Data successfully fetched for Daugavpils
2024-01-02 16:31:36,688:INFO:Fetching data for city: Daugavpils
2024-01-02 16:31:36,752:INFO:Data successfully fetched for Daugavpils
2024-01-02 16:31:39,478:INFO:Fetching data for city: Daugavpils
2024-01-02 16:31:39,525:INFO:Data successfully fetched for Daugavpils
2024-01-02 16:34:13,193:INFO:Fetching data for city: Riga
2024-01-02 16:34:13,200:INFO:Data successfully fetched for Riga
2024-01-02 16:34:14,422:INFO:Fetching data for city: Riga
2024-01-02 16:34:14,424:INFO:Data successfully fetched for Riga
2024-01-02 16:34:24,359:INFO:CSV file saved: C:/Users/raivu/OneDrive/Dators/test_3.csv
2024-01-02 16:40:30,480:INFO:Fetching data for city: Riga
2024-01-02 16:40:30,829:INFO:Data successfully fetched for Riga
2024-01-02 16:40:41,574:INFO:Fetching data for city: Riga
2024-01-02 16:40:41,651:INFO:Data successfully fetched for Riga
2024-01-02 16:40:46,556:INFO:Fetching data for city: Riga
2024-01-02 16:40:46,560:INFO:Data successfully fetched for Riga
2024-01-02 16:46:16,967:INFO:Fetching data for city: Riga
2024-01-02 16:46:16,975:INFO:Data successfully fetched for Riga
2024-01-02 16:46:27,801:INFO:Fetching data for city: Riga
2024-01-02 16:46:27,804:INFO:Data successfully fetched for Riga
2024-01-02 16:46:33,012:INFO:Fetching data for city: Riga
2024-01-02 16:46:33,014:INFO:Data successfully fetched for Riga
2024-01-02 16:46:35,531:INFO:Fetching data for city: Riga
2024-01-02 16:46:35,864:INFO:Data successfully fetched for Riga
2024-01-02 16:46:38,331:INFO:Fetching data for city: Riga
2024-01-02 16:46:38,332:INFO:Data successfully fetched for Riga
2024-01-02 16:47:20,769:INFO:Fetching data for city: Riga
2024-01-02 16:47:21,158:INFO:Data successfully fetched for Riga
2024-01-02 16:47:26,065:INFO:Fetching data for city: Riga
2024-01-02 16:47:26,126:INFO:Data successfully fetched for Riga
2024-01-02 16:47:36,768:INFO:Fetching data for city: Riga
2024-01-02 16:47:36,854:INFO:Data successfully fetched for Riga
2024-01-02 16:47:45,563:INFO:Fetching data for city: Riga
2024-01-02 16:47:45,566:INFO:Data successfully fetched for Riga
2024-01-02 16:47:57,448:INFO:Fetching data for city: Riga
2024-01-02 16:47:57,581:INFO:Data successfully fetched for Riga
2024-01-02 16:48:11,487:INFO:Fetching data for city: Riga
2024-01-02 16:48:11,489:INFO:Data successfully fetched for Riga
2024-01-02 16:49:30,559:INFO:Fetching data for city: Riga
2024-01-02 16:49:30,565:INFO:Data successfully fetched for Riga
2024-01-02 16:50:11,342:INFO:Fetching data for city: Daugavpils
2024-01-02 16:50:11,697:INFO:Data successfully fetched for Daugavpils
2024-01-02 16:52:23,134:INFO:Fetching data for city: Daugavpils
2024-01-02 16:52:23,485:INFO:Data successfully fetched for Daugavpils
2024-01-02 16:55:05,044:INFO:Fetching data for city: Riga
2024-01-02 16:55:05,380:INFO:Data successfully fetched for Riga
2024-01-02 19:48:41,210:INFO:Fetching data for city: Riga
2024-01-02 19:48:41,238:INFO:Data successfully fetched for Riga
2024-01-02 19:49:02,741:INFO:Fetching data for city: Riga
2024-01-02 19:49:02,748:INFO:Data successfully fetched for Riga
2024-01-02 19:50:47,218:INFO:Fetching data for city: Riga
2024-01-02 19:50:47,236:INFO:Data successfully fetched for Riga
2024-01-02 19:50:50,209:INFO:Fetching data for city: Riga
2024-01-02 19:50:50,216:INFO:Data successfully fetched for Riga
2024-01-02 19:51:06,425:INFO:Application closed
2024-01-02 19:51:15,555:INFO:Fetching data for city: Riga
2024-01-02 19:51:15,931:INFO:Data successfully fetched for Riga
2024-01-02 19:51:16,660:INFO:Fetching data for city: Riga
2024-01-02 19:51:16,668:INFO:Data successfully fetched for Riga
2024-01-02 19:54:58,646:INFO:Fetching data for city: Riga
2024-01-02 19:54:58,654:INFO:Data successfully fetched for Riga
2024-01-02 19:55:47,636:INFO:Fetching data for city: Riga
2024-01-02 19:55:47,655:INFO:Data successfully fetched for Riga
2024-01-02 19:55:47,756:ERROR:Error fetching data for Riga: name 'tk' is not defined
2024-01-02 19:59:37,419:INFO:Fetching data for city: Riga
2024-01-02 19:59:37,427:INFO:Data successfully fetched for Riga
2024-01-02 20:12:02,469:INFO:Fetching data for city: Riga
2024-01-02 20:12:02,485:INFO:Data successfully fetched for Riga
2024-01-02 20:12:02,591:ERROR:Error fetching data for Riga: 'CTkLabel' object has no attribute 'delete'
2024-01-02 20:15:31,487:INFO:Fetching data for city: Riga
2024-01-02 20:15:31,505:INFO:Data successfully fetched for Riga
2024-01-02 20:15:31,604:ERROR:Error fetching data for Riga: 'CTkLabel' object has no attribute 'set_text'
2024-01-02 20:16:41,446:INFO:Fetching data for city: Riga
2024-01-02 20:16:41,461:INFO:Data successfully fetched for Riga
2024-01-02 20:16:55,123:INFO:Fetching data for city: Riga
2024-01-02 20:16:55,469:INFO:Data successfully fetched for Riga
2024-01-02 20:16:58,319:INFO:Fetching data for city: Riga
2024-01-02 20:16:58,323:INFO:Data successfully fetched for Riga
2024-01-02 20:17:13,686:INFO:Fetching data for city: Riga
2024-01-02 20:17:13,880:INFO:Data successfully fetched for Riga
2024-01-02 20:17:20,121:INFO:Fetching data for city: Riga
2024-01-02 20:17:20,129:INFO:Data successfully fetched for Riga
2024-01-02 20:17:23,322:INFO:Fetching data for city: Riga
2024-01-02 20:17:23,330:INFO:Data successfully fetched for Riga
2024-01-02 20:20:53,015:INFO:Fetching data for city: Riga
2024-01-02 20:20:53,374:INFO:Data successfully fetched for Riga
2024-01-02 20:20:55,482:INFO:Fetching data for city: Riga
2024-01-02 20:20:55,494:INFO:Data successfully fetched for Riga
2024-01-02 20:20:58,119:INFO:Fetching data for city: Riga
2024-01-02 20:20:58,124:INFO:Data successfully fetched for Riga
2024-01-02 20:20:59,543:INFO:Fetching data for city: Riga
2024-01-02 20:20:59,549:INFO:Data successfully fetched for Riga
2024-01-02 20:21:04,035:INFO:Fetching data for city: Riga
2024-01-02 20:21:04,041:INFO:Data successfully fetched for Riga
2024-01-02 20:21:06,762:INFO:Fetching data for city: Riga
2024-01-02 20:21:06,768:INFO:Data successfully fetched for Riga
2024-01-02 20:21:09,431:INFO:Fetching data for city: Riga
2024-01-02 20:21:09,438:INFO:Data successfully fetched for Riga
2024-01-02 20:21:13,576:INFO:CSV file save operation was canceled.
2024-01-03 11:10:55,169:INFO:Fetching data for city: Riga
2024-01-03 11:10:55,201:INFO:Data successfully fetched for Riga
2024-01-03 11:10:59,785:INFO:Fetching data for city: Riga
2024-01-03 11:10:59,791:INFO:Data successfully fetched for Riga
2024-01-03 11:11:07,724:INFO:Fetching data for city: Riga
2024-01-03 11:11:07,728:INFO:Data successfully fetched for Riga
2024-01-03 11:11:14,719:INFO:Fetching data for city: Riga
2024-01-03 11:11:15,185:INFO:Data successfully fetched for Riga
2024-01-03 11:11:25,770:INFO:Application closed
2024-01-03 11:12:12,081:INFO:Fetching data for city: Ventspils
2024-01-03 11:12:12,463:INFO:Data successfully fetched for Ventspils
2024-01-03 11:12:15,296:INFO:Fetching data for city: Ventspils
2024-01-03 11:12:15,413:INFO:Data successfully fetched for Ventspils
2024-01-03 11:12:24,603:INFO:Fetching data for city: Ventspils
2024-01-03 11:12:24,678:INFO:Data successfully fetched for Ventspils
2024-01-03 11:12:26,866:INFO:Fetching data for city: Ventspils
2024-01-03 11:12:26,875:INFO:Data successfully fetched for Ventspils
2024-01-03 11:12:30,094:INFO:Fetching data for city: Ventspils
2024-01-03 11:12:30,099:INFO:Data successfully fetched for Ventspils
2024-01-03 11:12:33,153:INFO:Fetching data for city: Jelgava
2024-01-03 11:12:33,249:INFO:Data successfully fetched for Jelgava
2024-01-03 11:12:36,284:INFO:Fetching data for city: Ventspils
2024-01-03 11:12:36,290:INFO:Data successfully fetched for Ventspils
2024-01-03 11:12:39,489:INFO:Fetching data for city: Tukums
2024-01-03 11:12:39,540:INFO:Data successfully fetched for Tukums
2024-01-03 11:12:42,301:INFO:Fetching data for city: Bauska
2024-01-03 11:12:42,377:INFO:Data successfully fetched for Bauska
2024-01-03 11:12:45,846:INFO:Fetching data for city: Liepaja
2024-01-03 11:12:45,907:INFO:Data successfully fetched for Liepaja
2024-01-03 11:12:49,327:INFO:Fetching data for city: Ventspils
2024-01-03 11:12:49,331:INFO:Data successfully fetched for Ventspils
2024-01-03 11:13:25,407:INFO:Fetching data for city: Ventspils
2024-01-03 11:13:25,412:INFO:Data successfully fetched for Ventspils
2024-01-03 11:13:28,136:INFO:Fetching data for city: Ventspils
2024-01-03 11:13:28,141:INFO:Data successfully fetched for Ventspils
2024-01-03 11:13:31,636:INFO:Fetching data for city: Liepaja
2024-01-03 11:13:31,727:INFO:Data successfully fetched for Liepaja
2024-01-03 11:13:40,228:INFO:Fetching data for city: Liepaja
2024-01-03 11:13:40,307:INFO:Data successfully fetched for Liepaja
2024-01-03 11:13:41,549:INFO:Fetching data for city: Liepaja
2024-01-03 11:13:41,554:INFO:Data successfully fetched for Liepaja
2024-01-03 11:13:42,661:INFO:Fetching data for city: Liepaja
2024-01-03 11:13:42,665:INFO:Data successfully fetched for Liepaja
2024-01-03 11:13:44,456:INFO:Fetching data for city: Liepaja
2024-01-03 11:13:44,462:INFO:Data successfully fetched for Liepaja
2024-01-03 11:18:28,974:INFO:Fetching data for city: Riga
2024-01-03 11:18:29,339:INFO:Data successfully fetched for Riga
2024-01-03 11:18:42,012:INFO:Fetching data for city: Riga
2024-01-03 11:18:42,100:INFO:Data successfully fetched for Riga
2024-01-03 11:18:42,160:ERROR:Error fetching data for Riga: strftime() argument 1 must be str, not Series
2024-01-03 11:18:50,425:INFO:Fetching data for city: Riga
2024-01-03 11:18:50,507:INFO:Data successfully fetched for Riga
2024-01-03 11:18:56,111:INFO:Fetching data for city: Riga
2024-01-03 11:18:56,121:INFO:Data successfully fetched for Riga
2024-01-03 11:18:58,314:INFO:Fetching data for city: Riga
2024-01-03 11:18:58,319:INFO:Data successfully fetched for Riga
2024-01-03 11:19:07,808:INFO:Application closed
2024-01-03 11:19:46,025:INFO:Fetching data for city: Riga
2024-01-03 11:19:46,433:INFO:Data successfully fetched for Riga
2024-01-03 11:19:48,767:INFO:Fetching data for city: Riga
2024-01-03 11:19:48,834:INFO:Data successfully fetched for Riga
2024-01-03 11:19:50,033:INFO:Fetching data for city: Riga
2024-01-03 11:19:50,095:INFO:Data successfully fetched for Riga
2024-01-03 11:19:53,820:INFO:Fetching data for city: Riga
2024-01-03 11:19:53,885:INFO:Data successfully fetched for Riga
2024-01-03 11:19:53,946:ERROR:Error fetching data for Riga: strftime() argument 1 must be str, not Series
2024-01-03 11:23:05,980:INFO:Fetching data for city: Riga
2024-01-03 11:23:06,351:INFO:Data successfully fetched for Riga
2024-01-03 11:23:09,154:INFO:Fetching data for city: Riga
2024-01-03 11:23:09,165:INFO:Data successfully fetched for Riga
2024-01-03 11:23:09,230:ERROR:Error fetching data for Riga: strftime() argument 1 must be str, not function
2024-01-03 11:23:18,337:INFO:Application closed
2024-01-03 11:23:26,702:INFO:Fetching data for city: Riga
2024-01-03 11:23:26,712:INFO:Data successfully fetched for Riga
2024-01-03 11:23:31,092:INFO:Fetching data for city: Riga
2024-01-03 11:23:31,498:INFO:Data successfully fetched for Riga
2024-01-03 11:23:38,887:INFO:Fetching data for city: Riga
2024-01-03 11:23:39,120:INFO:Data successfully fetched for Riga
2024-01-03 11:23:39,199:ERROR:Error fetching data for Riga: cannot access local variable 'plot_title' where it is not associated with a value
2024-01-03 11:23:42,327:INFO:Application closed
2024-01-03 11:24:56,537:INFO:Fetching data for city: Riga
2024-01-03 11:24:56,926:INFO:Data successfully fetched for Riga
2024-01-03 11:25:05,145:INFO:Fetching data for city: Riga
2024-01-03 11:25:05,156:INFO:Data successfully fetched for Riga
2024-01-03 11:25:20,981:INFO:Fetching data for city: Riga
2024-01-03 11:25:20,989:INFO:Data successfully fetched for Riga
2024-01-03 11:26:12,775:INFO:Fetching data for city: Riga
2024-01-03 11:26:13,128:INFO:Data successfully fetched for Riga
2024-01-03 11:26:14,703:INFO:Fetching data for city: Riga
2024-01-03 11:26:14,715:INFO:Data successfully fetched for Riga
2024-01-03 11:28:32,537:INFO:Fetching data for city: Riga
2024-01-03 11:28:32,898:INFO:Data successfully fetched for Riga
2024-01-03 11:28:43,175:INFO:Fetching data for city: Riga
2024-01-03 11:28:43,240:INFO:Data successfully fetched for Riga
2024-01-03 11:28:44,588:INFO:Fetching data for city: Riga
2024-01-03 11:28:44,599:INFO:Data successfully fetched for Riga
2024-01-03 11:28:50,883:INFO:Fetching data for city: Riga
2024-01-03 11:28:50,950:INFO:Data successfully fetched for Riga
2024-01-03 11:28:56,693:INFO:Fetching data for city: Riga
2024-01-03 11:28:56,698:INFO:Data successfully fetched for Riga
2024-01-03 11:28:59,407:INFO:Fetching data for city: Riga
2024-01-03 11:28:59,413:INFO:Data successfully fetched for Riga
2024-01-03 11:29:17,397:INFO:Fetching data for city: Riga
2024-01-03 11:29:17,402:INFO:Data successfully fetched for Riga
2024-01-03 11:29:20,837:INFO:Fetching data for city: Riga
2024-01-03 11:29:20,913:INFO:Data successfully fetched for Riga
2024-01-03 11:29:24,636:INFO:Fetching data for city: Riga
2024-01-03 11:29:24,703:INFO:Data successfully fetched for Riga
2024-01-03 11:30:50,508:INFO:Fetching data for city: Riga
2024-01-03 11:30:50,528:INFO:Data successfully fetched for Riga
2024-01-03 11:30:53,046:INFO:Fetching data for city: Riga
2024-01-03 11:30:53,418:INFO:Data successfully fetched for Riga
2024-01-03 11:30:55,288:INFO:Fetching data for city: Riga
2024-01-03 11:30:55,294:INFO:Data successfully fetched for Riga
2024-01-03 11:30:59,485:INFO:Fetching data for city: Riga
2024-01-03 11:30:59,491:INFO:Data successfully fetched for Riga
2024-01-03 11:31:07,061:INFO:Application closed
2024-01-03 11:34:40,197:INFO:Fetching data for city: Riga
2024-01-03 11:34:40,558:INFO:Data successfully fetched for Riga
2024-01-03 11:34:40,647:ERROR:Error fetching data for Riga: NaTType does not support strftime
2024-01-03 11:34:43,135:INFO:Fetching data for city: Riga
2024-01-03 11:34:43,146:INFO:Data successfully fetched for Riga
2024-01-03 11:34:59,275:INFO:Fetching data for city: Riga
2024-01-03 11:34:59,291:INFO:Data successfully fetched for Riga
2024-01-03 11:35:05,367:INFO:Application closed
2024-01-03 11:36:19,296:INFO:Fetching data for city: Riga
2024-01-03 11:36:19,656:INFO:Data successfully fetched for Riga
2024-01-03 11:36:29,246:INFO:Application closed
2024-01-03 11:36:40,282:INFO:Fetching data for city: Riga
2024-01-03 11:36:40,289:INFO:Data successfully fetched for Riga
2024-01-03 11:37:18,907:INFO:Application closed
2024-01-03 11:39:05,236:INFO:Fetching data for city: Riga
2024-01-03 11:39:05,250:INFO:Data successfully fetched for Riga
2024-01-03 11:39:17,052:INFO:Fetching data for city: Riga
2024-01-03 11:39:17,057:INFO:Data successfully fetched for Riga
2024-01-03 11:42:09,804:INFO:Fetching data for city: Riga
2024-01-03 11:42:09,820:INFO:Data successfully fetched for Riga
2024-01-03 11:42:21,225:INFO:Fetching data for city: Riga
2024-01-03 11:42:21,231:INFO:Data successfully fetched for Riga
2024-01-03 11:42:30,326:INFO:Fetching data for city: Riga
2024-01-03 11:42:30,330:INFO:Data successfully fetched for Riga
2024-01-03 11:42:33,971:INFO:Fetching data for city: Riga
2024-01-03 11:42:33,977:INFO:Data successfully fetched for Riga
2024-01-03 11:42:37,548:INFO:Fetching data for city: Riga
2024-01-03 11:42:37,924:INFO:Data successfully fetched for Riga
2024-01-03 11:42:41,236:INFO:Fetching data for city: Riga
2024-01-03 11:42:41,242:INFO:Data successfully fetched for Riga
2024-01-03 11:42:48,228:INFO:Fetching data for city: Riga
2024-01-03 11:42:48,234:INFO:Data successfully fetched for Riga
2024-01-03 11:44:14,531:INFO:Fetching data for city: Riga
2024-01-03 11:44:14,546:INFO:Data successfully fetched for Riga
2024-01-03 11:44:20,944:INFO:Fetching data for city: Riga
2024-01-03 11:44:21,323:INFO:Data successfully fetched for Riga
2024-01-03 11:44:23,435:INFO:Fetching data for city: Riga
2024-01-03 11:44:23,491:INFO:Data successfully fetched for Riga
2024-01-03 11:44:25,894:INFO:Fetching data for city: Riga
2024-01-03 11:44:25,989:INFO:Data successfully fetched for Riga
2024-01-03 11:44:33,247:INFO:Fetching data for city: Riga
2024-01-03 11:44:33,252:INFO:Data successfully fetched for Riga
2024-01-03 11:44:34,401:INFO:Fetching data for city: Riga
2024-01-03 11:44:34,406:INFO:Data successfully fetched for Riga
2024-01-03 11:44:38,250:INFO:Fetching data for city: Riga
2024-01-03 11:44:38,317:INFO:Data successfully fetched for Riga
2024-01-03 11:44:43,952:INFO:Fetching data for city: Riga
2024-01-03 11:44:44,031:INFO:Data successfully fetched for Riga
2024-01-03 11:44:48,827:INFO:Fetching data for city: Riga
2024-01-03 11:44:48,882:INFO:Data successfully fetched for Riga
2024-01-03 11:44:49,938:INFO:Fetching data for city: Riga
2024-01-03 11:44:49,944:INFO:Data successfully fetched for Riga
2024-01-03 11:46:08,157:INFO:Fetching data for city: Riga
2024-01-03 11:46:08,174:INFO:Data successfully fetched for Riga
2024-01-03 11:46:13,181:INFO:Fetching data for city: Riga
2024-01-03 11:46:13,555:INFO:Data successfully fetched for Riga
2024-01-03 11:46:17,670:INFO:Fetching data for city: Jelgava
2024-01-03 11:46:17,723:INFO:Data successfully fetched for Jelgava
2024-01-03 11:46:19,544:INFO:Fetching data for city: Jelgava
2024-01-03 11:46:19,549:INFO:Data successfully fetched for Jelgava
2024-01-03 11:46:22,605:INFO:Fetching data for city: Rezekne
2024-01-03 11:46:22,671:INFO:Data successfully fetched for Rezekne
2024-01-03 11:47:13,968:INFO:Fetching data for city: Riga
2024-01-03 11:47:13,986:INFO:Data successfully fetched for Riga
2024-01-03 11:47:16,922:INFO:Fetching data for city: Riga
2024-01-03 11:47:16,925:INFO:Data successfully fetched for Riga
2024-01-03 11:47:21,321:INFO:Fetching data for city: Riga
2024-01-03 11:47:21,328:INFO:Data successfully fetched for Riga
2024-01-03 11:47:51,106:INFO:Fetching data for city: Riga
2024-01-03 11:47:51,478:INFO:Data successfully fetched for Riga
2024-01-03 11:50:45,329:INFO:Fetching data for city: Riga
2024-01-03 11:50:45,347:INFO:Data successfully fetched for Riga
2024-01-03 11:50:48,461:INFO:Fetching data for city: Riga
2024-01-03 11:50:48,466:INFO:Data successfully fetched for Riga
2024-01-03 11:50:52,816:INFO:Fetching data for city: Riga
2024-01-03 11:50:52,822:INFO:Data successfully fetched for Riga
2024-01-03 11:50:54,421:INFO:Fetching data for city: Riga
2024-01-03 11:50:54,427:INFO:Data successfully fetched for Riga
2024-01-03 11:50:55,459:INFO:Fetching data for city: Riga
2024-01-03 11:50:55,464:INFO:Data successfully fetched for Riga
2024-01-03 11:50:58,042:INFO:Fetching data for city: Riga
2024-01-03 11:50:58,048:INFO:Data successfully fetched for Riga
2024-01-03 11:51:06,240:INFO:Fetching data for city: Riga
2024-01-03 11:51:06,246:INFO:Data successfully fetched for Riga
2024-01-03 11:51:08,245:INFO:Fetching data for city: Riga
2024-01-03 11:51:08,250:INFO:Data successfully fetched for Riga
2024-01-03 11:51:16,240:INFO:Fetching data for city: Riga
2024-01-03 11:51:16,699:INFO:Data successfully fetched for Riga
2024-01-03 11:51:18,622:INFO:Fetching data for city: Riga
2024-01-03 11:51:18,629:INFO:Data successfully fetched for Riga
2024-01-03 11:53:56,786:INFO:Fetching data for city: Riga
2024-01-03 11:53:56,804:INFO:Data successfully fetched for Riga
2024-01-03 11:53:56,912:ERROR:Error fetching data for Riga: name 'plot_title' is not defined
2024-01-03 11:55:24,798:INFO:Fetching data for city: Riga
2024-01-03 11:55:24,817:INFO:Data successfully fetched for Riga
2024-01-03 11:55:28,744:INFO:Fetching data for city: Riga
2024-01-03 11:55:28,751:INFO:Data successfully fetched for Riga
2024-01-03 11:55:43,046:INFO:Fetching data for city: Riga
2024-01-03 11:55:43,053:INFO:Data successfully fetched for Riga
2024-01-03 11:55:47,586:INFO:Fetching data for city: Riga
2024-01-03 11:55:47,592:INFO:Data successfully fetched for Riga
2024-01-03 11:56:15,382:INFO:Fetching data for city: Riga
2024-01-03 11:56:15,399:INFO:Data successfully fetched for Riga
2024-01-03 11:56:17,537:INFO:Fetching data for city: Riga
2024-01-03 11:56:17,541:INFO:Data successfully fetched for Riga
2024-01-03 11:57:12,358:INFO:Fetching data for city: Riga
2024-01-03 11:57:12,365:INFO:Data successfully fetched for Riga
2024-01-03 11:57:15,908:INFO:Fetching data for city: Riga
2024-01-03 11:57:15,915:INFO:Data successfully fetched for Riga
2024-01-03 11:57:20,996:INFO:Fetching data for city: Riga
2024-01-03 11:57:21,002:INFO:Data successfully fetched for Riga
2024-01-03 11:57:28,986:INFO:Fetching data for city: Riga
2024-01-03 11:57:29,472:INFO:Data successfully fetched for Riga
2024-01-03 11:57:33,112:INFO:Fetching data for city: Riga
2024-01-03 11:57:33,117:INFO:Data successfully fetched for Riga
2024-01-03 11:57:43,783:INFO:Fetching data for city: Riga
2024-01-03 11:57:43,983:INFO:Data successfully fetched for Riga
2024-01-03 11:59:13,440:INFO:Fetching data for city: Riga
2024-01-03 11:59:13,447:INFO:Data successfully fetched for Riga
2024-01-03 11:59:14,509:INFO:Fetching data for city: Riga
2024-01-03 11:59:14,515:INFO:Data successfully fetched for Riga
2024-01-03 11:59:16,762:INFO:Fetching data for city: Riga
2024-01-03 11:59:16,767:INFO:Data successfully fetched for Riga
2024-01-03 11:59:22,847:INFO:Fetching data for city: Riga
2024-01-03 11:59:22,853:INFO:Data successfully fetched for Riga
2024-01-03 11:59:59,283:INFO:Fetching data for city: Riga
2024-01-03 11:59:59,301:INFO:Data successfully fetched for Riga
2024-01-03 11:59:59,396:ERROR:Error fetching data for Riga: name 'mdates' is not defined
2024-01-03 12:00:25,072:INFO:Fetching data for city: Riga
2024-01-03 12:00:25,090:INFO:Data successfully fetched for Riga
2024-01-03 12:00:27,110:INFO:Fetching data for city: Riga
2024-01-03 12:00:27,114:INFO:Data successfully fetched for Riga
2024-01-03 12:00:34,254:INFO:Fetching data for city: Riga
2024-01-03 12:00:34,261:INFO:Data successfully fetched for Riga
2024-01-03 12:00:36,463:INFO:Fetching data for city: Riga
2024-01-03 12:00:36,468:INFO:Data successfully fetched for Riga
2024-01-03 12:00:42,470:INFO:Fetching data for city: Riga
2024-01-03 12:00:42,475:INFO:Data successfully fetched for Riga
2024-01-03 12:00:44,907:INFO:Fetching data for city: Riga
2024-01-03 12:00:44,912:INFO:Data successfully fetched for Riga
2024-01-03 12:00:54,785:INFO:Fetching data for city: Riga
2024-01-03 12:00:54,792:INFO:Data successfully fetched for Riga
2024-01-03 12:00:57,065:INFO:Fetching data for city: Riga
2024-01-03 12:00:57,071:INFO:Data successfully fetched for Riga
2024-01-03 12:00:59,048:INFO:Fetching data for city: Riga
2024-01-03 12:00:59,054:INFO:Data successfully fetched for Riga
2024-01-03 12:03:33,099:INFO:Fetching data for city: Riga
2024-01-03 12:03:33,116:ERROR:Error fetching data for Riga: All arrays must be of the same length
2024-01-03 12:04:46,384:INFO:Fetching data for city: Riga
2024-01-03 12:04:46,392:ERROR:Error fetching data for Riga: Date range and data values length mismatch
2024-01-03 12:05:39,458:INFO:Fetching data for city: Riga
2024-01-03 12:05:39,464:INFO:Data successfully fetched for Riga
2024-01-03 12:05:52,675:INFO:Fetching data for city: Riga
2024-01-03 12:05:52,681:INFO:Data successfully fetched for Riga
2024-01-03 12:07:46,815:INFO:Fetching data for city: Riga
2024-01-03 12:07:46,829:INFO:Data successfully fetched for Riga in period 2023-12-01 to 2024-01-03
2024-01-03 12:07:50,638:INFO:Fetching data for city: Riga
2024-01-03 12:07:50,644:INFO:Data successfully fetched for Riga in period 2023-12-01 to 2024-01-03
2024-01-03 12:07:55,589:INFO:Fetching data for city: Riga
2024-01-03 12:07:55,595:INFO:Data successfully fetched for Riga in period 2023-12-01 to 2024-01-03
2024-01-03 12:07:57,841:INFO:Fetching data for city: Riga
2024-01-03 12:07:57,847:INFO:Data successfully fetched for Riga in period 2023-12-01 to 2024-01-03
2024-01-03 12:08:00,725:INFO:Fetching data for city: Riga
2024-01-03 12:08:00,730:INFO:Data successfully fetched for Riga in period 2023-12-01 to 2024-01-03
2024-01-03 12:08:16,264:INFO:Fetching data for city: Riga
2024-01-03 12:08:16,271:INFO:Data successfully fetched for Riga in period 2023-12-01 to 2024-01-03
2024-01-03 12:08:18,035:INFO:Fetching data for city: Riga
2024-01-03 12:08:18,040:INFO:Data successfully fetched for Riga in period 2023-12-01 to 2024-01-03
2024-01-03 12:08:22,173:INFO:Fetching data for city: Riga
2024-01-03 12:08:22,177:INFO:Data successfully fetched for Riga in period 2023-12-01 to 2024-01-03
2024-01-03 12:08:23,775:INFO:Fetching data for city: Riga
2024-01-03 12:08:23,780:INFO:Data successfully fetched for Riga in period 2023-12-01 to 2024-01-03
2024-01-03 12:08:25,351:INFO:Fetching data for city: Riga
2024-01-03 12:08:25,356:INFO:Data successfully fetched for Riga in period 2023-12-01 to 2024-01-03
2024-01-03 12:08:26,527:INFO:Fetching data for city: Riga
2024-01-03 12:08:26,532:INFO:Data successfully fetched for Riga in period 2023-12-01 to 2024-01-03
2024-01-03 12:08:31,127:INFO:Fetching data for city: Riga
2024-01-03 12:08:31,133:INFO:Data successfully fetched for Riga in period 2023-11-30 to 2024-01-03
2024-01-03 12:08:33,481:INFO:Fetching data for city: Riga
2024-01-03 12:08:33,486:INFO:Data successfully fetched for Riga in period 2023-11-30 to 2024-01-03
2024-01-03 12:08:35,332:INFO:Fetching data for city: Riga
2024-01-03 12:08:35,337:INFO:Data successfully fetched for Riga in period 2023-11-30 to 2024-01-03
2024-01-03 12:09:45,399:INFO:Fetching data for city: Riga
2024-01-03 12:09:45,763:INFO:Data successfully fetched for Riga in period 2023-11-30 to 2024-01-01
2024-01-03 12:09:48,098:INFO:Fetching data for city: Riga
2024-01-03 12:09:48,110:INFO:Data successfully fetched for Riga in period 2023-11-30 to 2024-01-01
2024-01-03 12:09:50,316:INFO:Fetching data for city: Riga
2024-01-03 12:09:50,373:INFO:Data successfully fetched for Riga in period 2023-11-30 to 2024-01-01
2024-01-03 12:09:52,340:INFO:Fetching data for city: Riga
2024-01-03 12:09:52,395:INFO:Data successfully fetched for Riga in period 2023-11-30 to 2024-01-01
2024-01-03 12:09:53,771:INFO:Fetching data for city: Riga
2024-01-03 12:09:53,776:INFO:Data successfully fetched for Riga in period 2023-11-30 to 2024-01-01
2024-01-03 12:09:55,897:INFO:Fetching data for city: Riga
2024-01-03 12:09:55,904:INFO:Data successfully fetched for Riga in period 2023-11-30 to 2024-01-01
2024-01-03 12:11:33,207:INFO:Fetching data for city: Riga
2024-01-03 12:11:33,211:INFO:Data successfully fetched for Riga in period 2023-11-30 to 2024-01-03
2024-01-03 12:11:35,163:INFO:Fetching data for city: Riga
2024-01-03 12:11:35,165:INFO:Data successfully fetched for Riga in period 2023-11-30 to 2024-01-03
2024-01-03 12:12:30,705:INFO:Fetching data for city: Riga
2024-01-03 12:12:30,720:INFO:Data successfully fetched for Riga in period 2023-11-01 to 2024-01-01
2024-01-03 12:12:43,102:INFO:Fetching data for city: Riga
2024-01-03 12:12:43,109:INFO:Data successfully fetched for Riga in period 2023-10-01 to 2024-01-01
2024-01-03 12:12:48,802:INFO:Fetching data for city: Riga
2024-01-03 12:12:48,807:INFO:Data successfully fetched for Riga in period 2023-10-01 to 2024-01-01
2024-01-03 12:12:50,510:INFO:Fetching data for city: Riga
2024-01-03 12:12:50,516:INFO:Data successfully fetched for Riga in period 2023-10-01 to 2024-01-01
2024-01-03 12:12:54,039:INFO:Fetching data for city: Riga
2024-01-03 12:12:54,046:INFO:Data successfully fetched for Riga in period 2023-09-01 to 2024-01-01
2024-01-03 12:12:57,366:INFO:Fetching data for city: Riga
2024-01-03 12:12:57,740:INFO:Data successfully fetched for Riga in period 2023-08-01 to 2024-01-01
2024-01-03 12:13:05,722:INFO:Fetching data for city: Riga
2024-01-03 12:13:05,728:INFO:Data successfully fetched for Riga in period 2023-07-01 to 2024-01-01
2024-01-03 12:13:08,742:INFO:Fetching data for city: Riga
2024-01-03 12:13:08,748:INFO:Data successfully fetched for Riga in period 2023-07-01 to 2024-01-01
2024-01-03 12:15:07,239:INFO:Fetching data for city: Riga
2024-01-03 12:15:07,257:INFO:Data successfully fetched for Riga in period 2023-11-01 to 2024-01-03
2024-01-03 12:15:18,891:INFO:Fetching data for city: Riga
2024-01-03 12:15:18,898:INFO:Data successfully fetched for Riga in period 2023-11-01 to 2024-01-03
2024-01-03 12:15:24,812:INFO:Fetching data for city: Riga
2024-01-03 12:15:24,817:INFO:Data successfully fetched for Riga in period 2023-11-01 to 2024-01-03
2024-01-03 12:21:57,997:INFO:Fetching data for city: Riga
2024-01-03 12:21:58,011:INFO:Data successfully fetched for Riga in period 2023-12-01 to 2024-01-03
2024-01-03 12:23:40,439:INFO:Fetching data for city: Daugavpils
2024-01-03 12:23:40,821:INFO:Data successfully fetched for Daugavpils in period 2023-12-01 to 2024-01-03
2024-01-03 12:23:48,646:INFO:Fetching data for city: Daugavpils
2024-01-03 12:23:48,657:INFO:Data successfully fetched for Daugavpils in period 2023-12-01 to 2024-01-03
2024-01-03 12:23:50,923:INFO:Fetching data for city: Daugavpils
2024-01-03 12:23:50,924:INFO:Data successfully fetched for Daugavpils in period 2023-12-01 to 2024-01-03
2024-01-03 12:24:28,015:INFO:Fetching data for city: Daugavpils
2024-01-03 12:24:28,116:INFO:Data successfully fetched for Daugavpils in period 2023-05-01 to 2023-06-01
2024-01-03 12:24:53,062:INFO:Fetching data for city: Daugavpils
2024-01-03 12:24:53,158:INFO:Data successfully fetched for Daugavpils in period 2023-07-01 to 2023-07-31
2024-01-03 12:25:30,642:INFO:Fetching data for city: Riga
2024-01-03 12:25:30,650:INFO:Data successfully fetched for Riga in period 2023-12-01 to 2024-01-03
2024-01-03 12:25:32,067:INFO:Fetching data for city: Riga
2024-01-03 12:25:32,073:INFO:Data successfully fetched for Riga in period 2023-12-01 to 2024-01-03
2024-01-03 12:25:34,538:INFO:Fetching data for city: Riga
2024-01-03 12:25:34,543:INFO:Data successfully fetched for Riga in period 2023-12-01 to 2024-01-03
2024-01-03 12:25:35,985:INFO:Fetching data for city: Riga
2024-01-03 12:25:35,990:INFO:Data successfully fetched for Riga in period 2023-12-01 to 2024-01-03
2024-01-03 12:25:37,017:INFO:Fetching data for city: Riga
2024-01-03 12:25:37,023:INFO:Data successfully fetched for Riga in period 2023-12-01 to 2024-01-03
2024-01-03 12:25:38,488:INFO:Fetching data for city: Riga
2024-01-03 12:25:38,494:INFO:Data successfully fetched for Riga in period 2023-12-01 to 2024-01-03
2024-01-03 12:25:39,746:INFO:Fetching data for city: Riga
2024-01-03 12:25:39,752:INFO:Data successfully fetched for Riga in period 2023-12-01 to 2024-01-03
2024-01-03 12:25:39,921:INFO:Fetching data for city: Riga
2024-01-03 12:25:39,923:INFO:Data successfully fetched for Riga in period 2023-12-01 to 2024-01-03
2024-01-03 13:42:12,761:INFO:Fetching data for city: Riga
2024-01-03 13:42:12,776:INFO:Data successfully fetched for Riga in period 2023-12-01 to 2024-01-03
2024-01-03 13:42:15,657:INFO:Fetching data for city: Riga
2024-01-03 13:42:15,664:INFO:Data successfully fetched for Riga in period 2023-12-01 to 2024-01-03
2024-01-03 13:42:17,203:INFO:Fetching data for city: Riga
2024-01-03 13:42:17,208:INFO:Data successfully fetched for Riga in period 2023-12-01 to 2024-01-03
2024-01-03 13:42:18,811:INFO:Fetching data for city: Riga
2024-01-03 13:42:18,817:INFO:Data successfully fetched for Riga in period 2023-12-01 to 2024-01-03
2024-01-03 13:42:20,130:INFO:Fetching data for city: Riga
2024-01-03 13:42:20,133:INFO:Data successfully fetched for Riga in period 2023-12-01 to 2024-01-03
2024-01-03 13:42:46,749:INFO:Fetching data for city: Riga
2024-01-03 13:42:46,766:INFO:Data successfully fetched for Riga in period 2023-12-01 to 2024-01-03
2024-01-03 13:43:11,253:INFO:Fetching data for city: Daugavpils
2024-01-03 13:43:11,607:INFO:Data successfully fetched for Daugavpils in period 2023-11-01 to 2024-01-03
2024-01-03 13:43:32,865:INFO:Fetching data for city: Daugavpils
2024-01-03 13:43:32,877:INFO:Data successfully fetched for Daugavpils in period 2023-11-01 to 2024-01-03
2024-01-03 13:44:02,427:INFO:Fetching data for city: Jekabpils
2024-01-03 13:44:03,374:INFO:Data successfully fetched for Jekabpils in period 2003-01-01 to 2023-12-31
2024-01-03 13:44:04,654:INFO:Fetching data for city: Jekabpils
2024-01-03 13:44:04,669:INFO:Data successfully fetched for Jekabpils in period 2003-01-01 to 2023-12-31
2024-01-03 13:49:49,581:INFO:Fetching data for city: Riga
2024-01-03 13:49:49,597:INFO:Data successfully fetched for Riga in period 2023-12-01 to 2024-01-03
2024-01-03 13:51:08,397:INFO:Fetching data for city: Riga
2024-01-03 13:51:08,413:INFO:Data successfully fetched for Riga in period 2023-12-01 to 2024-01-03
2024-01-03 13:52:04,161:INFO:Fetching data for city: Riga
2024-01-03 13:52:04,180:INFO:Data successfully fetched for Riga in period 2023-12-05 to 2024-01-03
2024-01-03 13:52:06,758:INFO:Fetching data for city: Riga
2024-01-03 13:52:07,140:INFO:Data successfully fetched for Riga in period 2023-12-05 to 2024-01-03
2024-01-03 13:52:16,094:INFO:Fetching data for city: Riga
2024-01-03 13:52:16,175:INFO:Data successfully fetched for Riga in period 2023-12-05 to 2024-01-03
2024-01-03 13:53:46,939:INFO:Fetching data for city: Riga
2024-01-03 13:53:46,948:INFO:Data successfully fetched for Riga in period 2023-12-01 to 2024-01-03
2024-01-03 13:54:41,066:INFO:Fetching data for city: Riga
2024-01-03 13:54:41,079:INFO:Data successfully fetched for Riga in period 2023-12-01 to 2024-01-03
2024-01-03 13:56:10,319:INFO:Fetching data for city: Riga
2024-01-03 13:56:10,334:INFO:Data successfully fetched for Riga in period 2023-12-01 to 2024-01-03
2024-01-03 13:56:39,032:INFO:Fetching data for city: Riga
2024-01-03 13:56:39,047:INFO:Data successfully fetched for Riga in period 2023-12-01 to 2024-01-03
2024-01-03 13:57:32,294:INFO:Fetching data for city: Riga
2024-01-03 13:57:32,312:INFO:Data successfully fetched for Riga in period 2023-12-01 to 2024-01-03
2024-01-03 13:57:36,449:INFO:Fetching data for city: Riga
2024-01-03 13:57:36,455:INFO:Data successfully fetched for Riga in period 2023-12-01 to 2024-01-03
2024-01-03 13:58:25,144:INFO:Fetching data for city: Jekabpils
2024-01-03 13:58:25,478:INFO:Data successfully fetched for Jekabpils in period 2023-12-01 to 2024-01-03
2024-01-03 14:01:11,374:INFO:Fetching data for city: Riga
2024-01-03 14:01:11,390:INFO:Data successfully fetched for Riga in period 2023-12-01 to 2024-01-03
2024-01-03 14:07:44,234:INFO:Fetching data for city: Riga
2024-01-03 14:07:44,240:INFO:Data successfully fetched for Riga in period 2023-11-01 to 2024-01-03
2024-01-03 14:07:47,835:INFO:Fetching data for city: Riga
2024-01-03 14:07:47,842:INFO:Data successfully fetched for Riga in period 2023-12-01 to 2024-01-03
2024-01-03 14:11:34,876:INFO:Fetching data for city: Jekabpils
2024-01-03 14:11:34,895:INFO:Data successfully fetched for Jekabpils in period 2023-12-01 to 2024-01-03
2024-01-03 14:12:14,621:INFO:Fetching data for city: Riga
2024-01-03 14:12:14,632:INFO:Data successfully fetched for Riga in period 2023-12-01 to 2024-01-03
2024-01-03 14:14:40,027:INFO:Fetching data for city: Riga
2024-01-03 14:14:40,037:INFO:Data successfully fetched for Riga in period 2023-12-01 to 2024-01-03
2024-01-03 14:14:40,144:ERROR:Error fetching data for Riga: can only concatenate str (not "set") to str
2024-01-03 14:29:48,657:INFO:Fetching data for city: Riga
2024-01-03 14:29:49,974:INFO:Fetching data for city: Riga
2024-01-03 14:32:39,160:INFO:Fetching data for city: Riga
2024-01-03 14:32:39,164:INFO:Data successfully fetched for Riga in period 2023-12-01 to 2024-01-03
2024-01-03 14:32:42,143:INFO:Fetching data for city: Riga
2024-01-03 14:32:42,149:INFO:Data successfully fetched for Riga in period 2023-12-01 to 2024-01-03
2024-01-03 14:32:44,519:INFO:Fetching data for city: Riga
2024-01-03 14:32:44,526:INFO:Data successfully fetched for Riga in period 2023-12-01 to 2024-01-03
2024-01-03 14:34:04,789:INFO:Fetching data for city: Riga
2024-01-03 14:34:04,804:INFO:Data about temperature_2m successfully fetched for Riga in period 2023-12-01 to 2024-01-03
2024-01-03 14:34:06,011:INFO:Fetching data for city: Riga
2024-01-03 14:34:06,018:INFO:Data about temperature_2m successfully fetched for Riga in period 2023-12-01 to 2024-01-03
2024-01-03 14:34:07,427:INFO:Fetching data for city: Riga
2024-01-03 14:34:07,432:INFO:Data about snow_depth successfully fetched for Riga in period 2023-12-01 to 2024-01-03
2024-01-03 14:34:08,229:INFO:Fetching data for city: Riga
2024-01-03 14:34:08,235:INFO:Data about snow_depth successfully fetched for Riga in period 2023-12-01 to 2024-01-03
2024-01-03 14:34:09,796:INFO:Fetching data for city: Riga
2024-01-03 14:34:09,801:INFO:Data about snow_depth successfully fetched for Riga in period 2023-12-01 to 2024-01-03
2024-01-03 14:34:13,492:INFO:Fetching data for city: Rezekne
2024-01-03 14:34:13,850:INFO:Data about snow_depth successfully fetched for Rezekne in period 2023-12-01 to 2024-01-03
2024-01-03 14:34:15,030:INFO:Fetching data for city: Rezekne
2024-01-03 14:34:15,080:INFO:Data about temperature_2m successfully fetched for Rezekne in period 2023-12-01 to 2024-01-03
2024-01-03 14:35:39,174:INFO:Fetching data for city: Riga
2024-01-03 14:35:39,181:INFO:Data about temperature_2m successfully fetched for Riga with PY_VAR2 graph in period 2023-12-01 to 2024-01-03
2024-01-03 14:35:39,995:INFO:Fetching data for city: Riga
2024-01-03 14:35:39,997:INFO:Data about temperature_2m successfully fetched for Riga with PY_VAR2 graph in period 2023-12-01 to 2024-01-03
2024-01-03 14:35:41,287:INFO:Fetching data for city: Riga
2024-01-03 14:35:41,292:INFO:Data about snow_depth successfully fetched for Riga with PY_VAR2 graph in period 2023-12-01 to 2024-01-03
2024-01-03 14:35:42,019:INFO:Fetching data for city: Riga
2024-01-03 14:35:42,023:INFO:Data about snow_depth successfully fetched for Riga with PY_VAR2 graph in period 2023-12-01 to 2024-01-03
2024-01-03 14:35:48,963:INFO:Fetching data for city: Rezekne
2024-01-03 14:35:49,316:INFO:Data about temperature_2m successfully fetched for Rezekne with PY_VAR2 graph in period 2023-06-01 to 2024-01-03
2024-01-03 14:35:50,420:INFO:Fetching data for city: Rezekne
2024-01-03 14:35:50,426:INFO:Data about temperature_2m successfully fetched for Rezekne with PY_VAR2 graph in period 2023-06-01 to 2024-01-03
2024-01-03 14:35:51,584:INFO:Fetching data for city: Rezekne
2024-01-03 14:35:51,649:INFO:Data about snow_depth successfully fetched for Rezekne with PY_VAR2 graph in period 2023-06-01 to 2024-01-03
2024-01-03 14:35:55,769:INFO:Fetching data for city: Rezekne
2024-01-03 14:35:55,773:INFO:Data about snow_depth successfully fetched for Rezekne with PY_VAR2 graph in period 2023-06-01 to 2024-01-03
2024-01-03 14:45:22,070:INFO:Fetching data for city: Talsi
2024-01-03 14:45:22,438:INFO:Data about temperature_2m successfully fetched for Talsi in period 2023-11-01 to 2023-12-01
2024-01-03 14:45:28,611:INFO:Fetching data for city: Talsi
2024-01-03 14:45:28,624:INFO:Data about temperature_2m successfully fetched for Talsi in period 2023-11-01 to 2023-12-01
2024-01-03 14:45:31,965:INFO:Fetching data for city: Talsi
2024-01-03 14:45:31,970:INFO:Data about temperature_2m successfully fetched for Talsi in period 2023-11-01 to 2023-12-01
2024-01-03 14:59:35,885:INFO:Fetching data for city: Kraslava
2024-01-03 14:59:36,246:INFO:Data about temperature_2m successfully fetched for Kraslava in period 2023-12-01 to 2024-01-03
2024-01-03 14:59:39,194:INFO:Fetching data for city: Kraslava
2024-01-03 14:59:39,261:INFO:Data about snow_depth successfully fetched for Kraslava in period 2023-12-01 to 2024-01-03
2024-01-03 14:59:41,284:INFO:Fetching data for city: Kraslava
2024-01-03 14:59:41,295:INFO:Data about snow_depth successfully fetched for Kraslava in period 2023-12-01 to 2024-01-03
2024-01-03 15:17:06,688:INFO:Data about temperature_2m successfully fetched for Riga in period 2023-12-01 to 2024-01-03
2024-01-03 15:17:08,034:INFO:Data about temperature_2m successfully fetched for Riga in period 2023-12-01 to 2024-01-03
2024-01-03 15:17:12,965:INFO:Data about temperature_2m successfully fetched for Riga in period 2023-12-01 to 2024-01-03
2024-01-03 15:17:12,970:INFO:Data about temperature_2m successfully fetched for Daugavpils in period 2023-12-01 to 2024-01-03
2024-01-03 15:17:14,505:INFO:Data about temperature_2m successfully fetched for Riga in period 2023-12-01 to 2024-01-03
2024-01-03 15:17:14,509:INFO:Data about temperature_2m successfully fetched for Daugavpils in period 2023-12-01 to 2024-01-03
2024-01-03 15:17:15,745:INFO:Data about snow_depth successfully fetched for Riga in period 2023-12-01 to 2024-01-03
2024-01-03 15:17:16,094:INFO:Data about snow_depth successfully fetched for Daugavpils in period 2023-12-01 to 2024-01-03
2024-01-03 15:22:32,645:INFO:Fetching data for cities: Riga and 
2024-01-03 15:22:32,653:INFO:Data about temperature_2m successfully fetched for Riga in period 2023-12-01 to 2024-01-03
2024-01-03 15:22:34,472:INFO:Fetching data for cities: Riga and 
2024-01-03 15:22:34,478:INFO:Data about temperature_2m successfully fetched for Riga in period 2023-12-01 to 2024-01-03
2024-01-03 15:22:37,141:INFO:Fetching data for cities: Riga and Daugavpils
2024-01-03 15:22:37,147:INFO:Data about temperature_2m successfully fetched for Riga in period 2023-12-01 to 2024-01-03
2024-01-03 15:22:37,151:INFO:Data about temperature_2m successfully fetched for Daugavpils in period 2023-12-01 to 2024-01-03
2024-01-03 15:24:44,825:INFO:Fetching data for cities: Riga and 
2024-01-03 15:24:44,840:INFO:Data about temperature_2m successfully fetched for Riga in period 2023-12-01 to 2024-01-03
2024-01-03 15:24:45,731:INFO:Fetching data for cities: Riga and 
2024-01-03 15:24:45,737:INFO:Data about temperature_2m successfully fetched for Riga in period 2023-12-01 to 2024-01-03
2024-01-03 15:24:48,695:INFO:Fetching data for cities: Riga and Liepaja
2024-01-03 15:24:48,700:INFO:Data about temperature_2m successfully fetched for Riga in period 2023-12-01 to 2024-01-03
2024-01-03 15:24:49,051:INFO:Data about temperature_2m successfully fetched for Liepaja in period 2023-12-01 to 2024-01-03
2024-01-03 15:25:39,494:INFO:Fetching data for cities: Riga and 
2024-01-03 15:25:39,504:INFO:Data about temperature_2m successfully fetched for Riga in period 2023-11-01 to 2024-01-03
2024-01-03 15:25:40,886:INFO:Fetching data for cities: Riga and 
2024-01-03 15:25:40,892:INFO:Data about temperature_2m successfully fetched for Riga in period 2023-11-01 to 2024-01-03
2024-01-03 15:25:43,041:INFO:Fetching data for cities: Riga and 
2024-01-03 15:25:43,046:INFO:Data about snow_depth successfully fetched for Riga in period 2023-11-01 to 2024-01-03
2024-01-03 15:27:02,082:INFO:Fetching data for cities: Riga and Daugavpils
2024-01-03 15:27:02,086:INFO:Data about temperature_2m successfully fetched for Riga in period 2023-12-01 to 2024-01-03
2024-01-03 15:27:02,088:INFO:Data about temperature_2m successfully fetched for Daugavpils in period 2023-12-01 to 2024-01-03
2024-01-03 15:27:03,712:INFO:Fetching data for cities: Riga and Daugavpils
2024-01-03 15:27:03,716:INFO:Data about temperature_2m successfully fetched for Riga in period 2023-12-01 to 2024-01-03
2024-01-03 15:27:03,719:INFO:Data about temperature_2m successfully fetched for Daugavpils in period 2023-12-01 to 2024-01-03
2024-01-03 15:31:19,827:INFO:Fetching data for cities: Riga and 
2024-01-03 15:31:23,085:INFO:Fetching data for cities: Riga and Daugavpils
2024-01-03 15:31:23,103:INFO:Data about temperature_2m successfully fetched for Riga in period 2023-12-01 to 2024-01-03
2024-01-03 15:31:23,106:INFO:Data about temperature_2m successfully fetched for Daugavpils in period 2023-12-01 to 2024-01-03
2024-01-03 15:31:25,182:INFO:Fetching data for cities: Riga and Daugavpils
2024-01-03 15:31:25,188:INFO:Data about temperature_2m successfully fetched for Riga in period 2023-12-01 to 2024-01-03
2024-01-03 15:31:25,192:INFO:Data about temperature_2m successfully fetched for Daugavpils in period 2023-12-01 to 2024-01-03
2024-01-03 15:35:31,883:INFO:Fetching data for cities: Riga and 
2024-01-03 15:35:35,045:INFO:Fetching data for cities: Riga and Jekabpils
2024-01-03 15:35:35,054:INFO:Data about temperature_2m successfully fetched for Riga in period 2023-12-01 to 2024-01-03
2024-01-03 15:35:35,056:INFO:Data about temperature_2m successfully fetched for Jekabpils in period 2023-12-01 to 2024-01-03
2024-01-03 15:35:36,343:INFO:Fetching data for cities: Riga and Jekabpils
2024-01-03 15:35:36,349:INFO:Data about temperature_2m successfully fetched for Riga in period 2023-12-01 to 2024-01-03
2024-01-03 15:35:36,354:INFO:Data about temperature_2m successfully fetched for Jekabpils in period 2023-12-01 to 2024-01-03
2024-01-03 15:35:36,722:INFO:Fetching data for cities: Riga and Jekabpils
2024-01-03 15:35:36,727:INFO:Data about temperature_2m successfully fetched for Riga in period 2023-12-01 to 2024-01-03
2024-01-03 15:35:36,731:INFO:Data about temperature_2m successfully fetched for Jekabpils in period 2023-12-01 to 2024-01-03
2024-01-03 15:35:38,754:INFO:Fetching data for cities: Riga and Jekabpils
2024-01-03 15:35:39,102:INFO:Data about temperature_2m successfully fetched for Riga in period 2023-12-01 to 2023-12-12
2024-01-03 15:35:39,147:INFO:Data about temperature_2m successfully fetched for Jekabpils in period 2023-12-01 to 2023-12-12
2024-01-03 15:35:40,027:INFO:Fetching data for cities: Riga and Jekabpils
2024-01-03 15:35:40,032:INFO:Data about temperature_2m successfully fetched for Riga in period 2023-12-01 to 2023-12-12
2024-01-03 15:35:40,036:INFO:Data about temperature_2m successfully fetched for Jekabpils in period 2023-12-01 to 2023-12-12
2024-01-03 15:35:41,060:INFO:Fetching data for cities: Riga and Jekabpils
2024-01-03 15:35:41,125:INFO:Data about snow_depth successfully fetched for Riga in period 2023-12-01 to 2023-12-12
2024-01-03 15:35:41,169:INFO:Data about snow_depth successfully fetched for Jekabpils in period 2023-12-01 to 2023-12-12
2024-01-03 15:35:44,799:INFO:Fetching data for cities: Riga and Jekabpils
2024-01-03 15:35:44,865:INFO:Data about precipitation successfully fetched for Riga in period 2023-12-01 to 2023-12-12
2024-01-03 15:35:44,912:INFO:Data about precipitation successfully fetched for Jekabpils in period 2023-12-01 to 2023-12-12
2024-01-03 15:35:46,563:INFO:Fetching data for cities: Riga and Jekabpils
2024-01-03 15:35:46,568:INFO:Data about temperature_2m successfully fetched for Riga in period 2023-12-01 to 2023-12-12
2024-01-03 15:35:46,571:INFO:Data about temperature_2m successfully fetched for Jekabpils in period 2023-12-01 to 2023-12-12
2024-01-03 15:35:48,390:INFO:Fetching data for cities: Riga and Jekabpils
2024-01-03 15:35:48,395:INFO:Data about snow_depth successfully fetched for Riga in period 2023-12-01 to 2023-12-12
2024-01-03 15:35:48,400:INFO:Data about snow_depth successfully fetched for Jekabpils in period 2023-12-01 to 2023-12-12
2024-01-03 15:35:50,940:INFO:Fetching data for cities: Riga and Jekabpils
2024-01-03 15:35:50,945:INFO:Data about snow_depth successfully fetched for Riga in period 2023-12-01 to 2023-12-12
2024-01-03 15:35:50,949:INFO:Data about snow_depth successfully fetched for Jekabpils in period 2023-12-01 to 2023-12-12
2024-01-03 15:36:08,446:INFO:Fetching data for cities: Riga and Jekabpils
2024-01-03 15:36:08,451:INFO:Data about precipitation successfully fetched for Riga in period 2023-12-01 to 2023-12-12
2024-01-03 15:36:08,451:INFO:Data about precipitation successfully fetched for Jekabpils in period 2023-12-01 to 2023-12-12
2024-01-03 15:36:45,430:INFO:Fetching data for cities: Riga and Jekabpils
2024-01-03 15:36:45,496:INFO:Data about precipitation successfully fetched for Riga in period 2019-12-01 to 2023-12-12
2024-01-03 15:36:45,613:INFO:Data about precipitation successfully fetched for Jekabpils in period 2019-12-01 to 2023-12-12
2024-01-03 15:36:47,805:INFO:Fetching data for cities: Riga and Jekabpils
2024-01-03 15:36:47,807:INFO:Data about precipitation successfully fetched for Riga in period 2019-12-01 to 2023-12-12
2024-01-03 15:36:47,808:INFO:Data about precipitation successfully fetched for Jekabpils in period 2019-12-01 to 2023-12-12
2024-01-03 15:39:56,959:INFO:Fetching data for cities: Riga and 
2024-01-03 15:39:58,485:INFO:Fetching data for cities: Riga and 
2024-01-03 15:40:01,260:INFO:Fetching data for cities: Riga and Daugavpils
2024-01-03 15:40:01,264:INFO:Data about snow_depth successfully fetched for Riga in period 2023-12-01 to 2024-01-03
2024-01-03 15:40:01,265:INFO:Data about snow_depth successfully fetched for Daugavpils in period 2023-12-01 to 2024-01-03
2024-01-03 15:40:04,326:INFO:Fetching data for cities: Riga and Daugavpils
2024-01-03 15:40:04,328:INFO:Data about temperature_2m successfully fetched for Riga in period 2023-12-01 to 2024-01-03
2024-01-03 15:40:04,329:INFO:Data about temperature_2m successfully fetched for Daugavpils in period 2023-12-01 to 2024-01-03
2024-01-03 15:40:05,220:INFO:Fetching data for cities: Riga and Daugavpils
2024-01-03 15:40:05,222:INFO:Data about temperature_2m successfully fetched for Riga in period 2023-12-01 to 2024-01-03
2024-01-03 15:40:05,223:INFO:Data about temperature_2m successfully fetched for Daugavpils in period 2023-12-01 to 2024-01-03
2024-01-03 15:40:07,600:INFO:Fetching data for cities: Riga and Daugavpils
2024-01-03 15:40:07,601:INFO:Data about snow_depth successfully fetched for Riga in period 2023-12-01 to 2024-01-03
2024-01-03 15:40:07,602:INFO:Data about snow_depth successfully fetched for Daugavpils in period 2023-12-01 to 2024-01-03
2024-01-03 15:40:08,411:INFO:Fetching data for cities: Riga and Daugavpils
2024-01-03 15:40:08,412:INFO:Data about snow_depth successfully fetched for Riga in period 2023-12-01 to 2024-01-03
2024-01-03 15:40:08,414:INFO:Data about snow_depth successfully fetched for Daugavpils in period 2023-12-01 to 2024-01-03
2024-01-03 15:40:09,741:INFO:Fetching data for cities: Riga and Daugavpils
2024-01-03 15:40:09,742:INFO:Data about snow_depth successfully fetched for Riga in period 2023-12-01 to 2024-01-03
2024-01-03 15:40:09,743:INFO:Data about snow_depth successfully fetched for Daugavpils in period 2023-12-01 to 2024-01-03
2024-01-03 15:40:12,586:INFO:Fetching data for cities: Riga and Daugavpils
2024-01-03 15:40:12,587:INFO:Data about precipitation successfully fetched for Riga in period 2023-12-01 to 2024-01-03
2024-01-03 15:40:12,905:INFO:Data about precipitation successfully fetched for Daugavpils in period 2023-12-01 to 2024-01-03
2024-01-03 15:40:13,676:INFO:Fetching data for cities: Riga and Daugavpils
2024-01-03 15:40:13,678:INFO:Data about precipitation successfully fetched for Riga in period 2023-12-01 to 2024-01-03
2024-01-03 15:40:13,679:INFO:Data about precipitation successfully fetched for Daugavpils in period 2023-12-01 to 2024-01-03
2024-01-03 15:46:06,289:INFO:Fetching data for cities: Riga and Rezekne
2024-01-03 15:46:06,309:INFO:Data about snow_depth successfully fetched for Riga in period 2023-12-01 to 2024-01-03
2024-01-03 15:46:06,313:INFO:Data about snow_depth successfully fetched for Rezekne in period 2023-12-01 to 2024-01-03
2024-01-03 15:46:09,339:INFO:Fetching data for cities: Riga and 
2024-01-03 15:46:10,123:INFO:Fetching data for cities: Riga and 
2024-01-03 15:48:03,881:INFO:Fetching data for cities: Riga and Liepaja
2024-01-03 15:48:04,246:INFO:Data about snow_depth successfully fetched for Riga in period 2024-01-03 to 2024-01-03
2024-01-03 15:48:04,290:INFO:Data about snow_depth successfully fetched for Liepaja in period 2024-01-03 to 2024-01-03
2024-01-03 15:48:10,906:INFO:Fetching data for cities: Riga and Liepaja
2024-01-03 15:48:10,912:INFO:Data about snow_depth successfully fetched for Riga in period 2023-12-01 to 2024-01-03
2024-01-03 15:48:10,913:INFO:Data about snow_depth successfully fetched for Liepaja in period 2023-12-01 to 2024-01-03
2024-01-03 15:54:31,244:INFO:Fetching data for cities: Riga and 
2024-01-03 15:54:33,746:INFO:Fetching data for cities: Riga and 
2024-01-03 15:54:37,097:INFO:Fetching data for cities: Riga and Liepaja
2024-01-03 15:54:37,113:INFO:Data about snow_depth successfully fetched for Riga in period 2023-12-01 to 2024-01-03
2024-01-03 15:54:37,114:INFO:Data about snow_depth successfully fetched for Liepaja in period 2023-12-01 to 2024-01-03
2024-01-03 15:54:42,385:INFO:Fetching data for cities: Riga and Liepaja
2024-01-03 15:54:42,391:INFO:Data about snow_depth successfully fetched for Riga in period 2023-12-01 to 2024-01-03
2024-01-03 15:54:42,395:INFO:Data about snow_depth successfully fetched for Liepaja in period 2023-12-01 to 2024-01-03
2024-01-03 15:54:43,537:INFO:Fetching data for cities: Riga and Liepaja
2024-01-03 15:54:43,543:INFO:Data about snow_depth successfully fetched for Riga in period 2023-12-01 to 2024-01-03
2024-01-03 15:54:43,547:INFO:Data about snow_depth successfully fetched for Liepaja in period 2023-12-01 to 2024-01-03
2024-01-03 15:54:44,286:INFO:Fetching data for cities: Riga and Liepaja
2024-01-03 15:54:44,291:INFO:Data about snow_depth successfully fetched for Riga in period 2023-12-01 to 2024-01-03
2024-01-03 15:54:44,295:INFO:Data about snow_depth successfully fetched for Liepaja in period 2023-12-01 to 2024-01-03
2024-01-03 15:54:51,610:INFO:Fetching data for cities: Riga and Rezekne
2024-01-03 15:54:51,616:INFO:Data about precipitation successfully fetched for Riga in period 2023-12-01 to 2024-01-03
2024-01-03 15:54:51,977:INFO:Data about precipitation successfully fetched for Rezekne in period 2023-12-01 to 2024-01-03
2024-01-03 15:54:56,080:INFO:Fetching data for cities: Riga and Rezekne
2024-01-03 15:54:56,085:INFO:Data about precipitation successfully fetched for Riga in period 2023-12-01 to 2024-01-03
2024-01-03 15:54:56,089:INFO:Data about precipitation successfully fetched for Rezekne in period 2023-12-01 to 2024-01-03
2024-01-03 17:12:35,379:INFO:Fetching data for city: Riga
2024-01-03 17:12:35,396:INFO:Data about snow_depth successfully fetched for Riga in period 2023-12-01 to 2024-01-03
2024-01-03 17:12:36,889:INFO:Fetching data for city: Riga
2024-01-03 17:12:36,896:INFO:Data about snow_depth successfully fetched for Riga in period 2023-12-01 to 2024-01-03
2024-01-03 17:12:38,275:INFO:Fetching data for city: Riga
2024-01-03 17:12:38,282:INFO:Data about temperature_2m successfully fetched for Riga in period 2023-12-01 to 2024-01-03
2024-01-03 17:12:39,393:INFO:Fetching data for city: Riga
2024-01-03 17:12:39,399:INFO:Data about temperature_2m successfully fetched for Riga in period 2023-12-01 to 2024-01-03
2024-01-03 17:44:31,069:INFO:Fetching data for city: Riga
2024-01-03 17:44:31,086:INFO:Data about temperature_2m successfully fetched for Riga in period 2023-12-01 to 2024-01-03
2024-01-03 17:44:35,967:INFO:Fetching data for city: Riga
2024-01-03 17:44:35,970:INFO:Data about temperature_2m successfully fetched for Riga in period 2023-12-01 to 2024-01-03
2024-01-03 17:49:09,471:INFO:Fetching data for city: Riga
2024-01-03 17:49:09,488:INFO:Data about temperature_2m successfully fetched for Riga in period 2024-01-03 to 2024-01-03
2024-01-03 17:49:09,610:ERROR:Error fetching data for Riga: NaTType does not support strftime
2024-01-03 17:56:54,872:INFO:Fetching data for cities: Riga, Daugavpils
2024-01-03 17:56:54,888:INFO:Data about temperature_2m successfully fetched for Riga in period 2024-01-03 to 2024-01-03
2024-01-03 17:56:55,236:INFO:Data about temperature_2m successfully fetched for Daugavpils in period 2024-01-03 to 2024-01-03
2024-01-03 17:56:56,768:INFO:Fetching data for cities: Riga, 
2024-01-03 17:56:56,773:INFO:Data about temperature_2m successfully fetched for Riga in period 2024-01-03 to 2024-01-03
2024-01-03 17:56:58,342:INFO:Fetching data for cities: Riga, 
2024-01-03 17:56:58,343:INFO:Data about temperature_2m successfully fetched for Riga in period 2024-01-03 to 2024-01-03
2024-01-03 17:56:58,831:INFO:Fetching data for cities: Riga, 
2024-01-03 17:56:58,836:INFO:Data about temperature_2m successfully fetched for Riga in period 2024-01-03 to 2024-01-03
2024-01-03 17:58:03,563:INFO:Fetching data for city1: Riga
